<html>
<head>
<title>TestNG:  com.testng</title>
<link href="../testng.css" rel="stylesheet" type="text/css" />
<link href="../my-testng.css" rel="stylesheet" type="text/css" />

<style type="text/css">
.log { display: none;} 
.stack-trace { display: none;} 
</style>
<script type="text/javascript">
<!--
function flip(e) {
  current = e.style.display;
  if (current == 'block') {
    e.style.display = 'none';
    return 0;
  }
  else {
    e.style.display = 'block';
    return 1;
  }
}

function toggleBox(szDivId, elem, msg1, msg2)
{
  var res = -1;  if (document.getElementById) {
    res = flip(document.getElementById(szDivId));
  }
  else if (document.all) {
    // this is the way old msie versions work
    res = flip(document.all[szDivId]);
  }
  if(elem) {
    if(res == 0) elem.innerHTML = msg1; else elem.innerHTML = msg2;
  }

}

function toggleAllBoxes() {
  if (document.getElementsByTagName) {
    d = document.getElementsByTagName('div');
    for (i = 0; i < d.length; i++) {
      if (d[i].className == 'log') {
        flip(d[i]);
      }
    }
  }
}

// -->
</script>

</head>
<body>
<h2 align='center'>com.testng</h2><table border='1' align="center">
<tr>
<td>Tests passed/Failed/Skipped:</td><td>32/1/0</td>
</tr><tr>
<td>Started on:</td><td>Fri Apr 01 07:27:16 IST 2022</td>
</tr>
<tr><td>Total time:</td><td>8 seconds (8161 ms)</td>
</tr><tr>
<td>Included groups:</td><td></td>
</tr><tr>
<td>Excluded groups:</td><td></td>
</tr>
</table><p/>
<small><i>(Hover the method name to see the test class name)</i></small><p/>
<table width='100%' border='1' class='invocation-failed'>
<tr><td colspan='4' align='center'><b>FAILED TESTS</b></td></tr>
<tr><td><b>Test method</b></td>
<td width="30%"><b>Exception</b></td>
<td width="10%"><b>Time (seconds)</b></td>
<td><b>Instance</b></td>
</tr>
<tr>
<td title='com.testng.ParameterizedTest.credentials()'><b>credentials</b><br>Test class: com.testng.ParameterizedTest</td>
<td><div><pre>org.testng.TestNGException: 
Parameter &apos;passWord&apos; is required by @Test on method credentials but has not been marked @Optional or defined
in C:\Users\altri\AppData\Local\Temp\testng-eclipse-99263507\testng-customsuite.xml
	at org.testng.internal.Parameters.createParams(Parameters.java:270)
	at org.testng.internal.Parameters.createParametersForMethod(Parameters.java:358)
	at org.testng.internal.Parameters.createParameters(Parameters.java:700)
	at org.testng.internal.Parameters.handleParameters(Parameters.java:884)
	at org.testng.internal.Parameters.handleParameters(Parameters.java:740)
	at org.testng.internal.ParameterHandler.handleParameters(ParameterHandler.java:59)
	at org.testng.internal.ParameterHandler.createParameters(ParameterHandler.java:38)
	at org.testng.internal.TestInvoker$MethodInvocationAgent.invoke(TestInvoker.java:791)
	at org.testng.internal.TestInvoker.invokeTestMethods(TestInvoker.java:146)
	at org.testng.internal.TestMethodWorker.invokeTestMethods(TestMethodWorker.java:146)
	at org.testng.internal.TestMethodWorker.run(TestMethodWorker.java:128)
	at java.util.ArrayList.forEach(Unknown Source)
	at org.testng.TestRunner.privateRun(TestRunner.java:794)
	at org.testng.TestRunner.run(TestRunner.java:596)
	at org.testng.SuiteRunner.runTest(SuiteRunner.java:377)
	at org.testng.SuiteRunner.runSequentially(SuiteRunner.java:371)
	at org.testng.SuiteRunner.privateRun(SuiteRunner.java:332)
	at org.testng.SuiteRunner.run(SuiteRunner.java:276)
	at org.testng.SuiteRunnerWorker.runSuite(SuiteRunnerWorker.java:53)
	at org.testng.SuiteRunnerWorker.run(SuiteRunnerWorker.java:96)
	at org.testng.TestNG.runSuitesSequentially(TestNG.java:1212)
	at org.testng.TestNG.runSuitesLocally(TestNG.java:1134)
	at org.testng.TestNG.runSuites(TestNG.java:1063)
	at org.testng.TestNG.run(TestNG.java:1031)
	at org.testng.remote.AbstractRemoteTestNG.run(AbstractRemoteTestNG.java:115)
	at org.testng.remote.RemoteTestNG.initAndRun(RemoteTestNG.java:251)
	at org.testng.remote.RemoteTestNG.main(RemoteTestNG.java:77)
</pre></div><a href='#' onClick='toggleBox("stack-trace720167805", this, "Click to show all stack frames", "Click to hide stack frames")'>Click to show all stack frames</a>
<div class='stack-trace' id='stack-trace720167805'><pre>org.testng.TestNGException: 
Parameter &apos;passWord&apos; is required by @Test on method credentials but has not been marked @Optional or defined
in C:\Users\altri\AppData\Local\Temp\testng-eclipse-99263507\testng-customsuite.xml
	at org.testng.internal.Parameters.createParams(Parameters.java:270)
	at org.testng.internal.Parameters.createParametersForMethod(Parameters.java:358)
	at org.testng.internal.Parameters.createParameters(Parameters.java:700)
	at org.testng.internal.Parameters.handleParameters(Parameters.java:884)
	at org.testng.internal.Parameters.handleParameters(Parameters.java:740)
	at org.testng.internal.ParameterHandler.handleParameters(ParameterHandler.java:59)
	at org.testng.internal.ParameterHandler.createParameters(ParameterHandler.java:38)
	at org.testng.internal.TestInvoker$MethodInvocationAgent.invoke(TestInvoker.java:791)
	at org.testng.internal.TestInvoker.invokeTestMethods(TestInvoker.java:146)
	at org.testng.internal.TestMethodWorker.invokeTestMethods(TestMethodWorker.java:146)
	at org.testng.internal.TestMethodWorker.run(TestMethodWorker.java:128)
	at java.util.ArrayList.forEach(Unknown Source)
	at org.testng.TestRunner.privateRun(TestRunner.java:794)
	at org.testng.TestRunner.run(TestRunner.java:596)
	at org.testng.SuiteRunner.runTest(SuiteRunner.java:377)
	at org.testng.SuiteRunner.runSequentially(SuiteRunner.java:371)
	at org.testng.SuiteRunner.privateRun(SuiteRunner.java:332)
	at org.testng.SuiteRunner.run(SuiteRunner.java:276)
	at org.testng.SuiteRunnerWorker.runSuite(SuiteRunnerWorker.java:53)
	at org.testng.SuiteRunnerWorker.run(SuiteRunnerWorker.java:96)
	at org.testng.TestNG.runSuitesSequentially(TestNG.java:1212)
	at org.testng.TestNG.runSuitesLocally(TestNG.java:1134)
	at org.testng.TestNG.runSuites(TestNG.java:1063)
	at org.testng.TestNG.run(TestNG.java:1031)
	at org.testng.remote.AbstractRemoteTestNG.run(AbstractRemoteTestNG.java:115)
	at org.testng.remote.RemoteTestNG.initAndRun(RemoteTestNG.java:251)
	at org.testng.remote.RemoteTestNG.main(RemoteTestNG.java:77)
</pre></div></td>
<td>0</td>
<td>com.testng.ParameterizedTest@16f7c8c1</td></tr>
</table><p>
<table width='100%' border='1' class='invocation-passed'>
<tr><td colspan='4' align='center'><b>PASSED TESTS</b></td></tr>
<tr><td><b>Test method</b></td>
<td width="30%"><b>Exception</b></td>
<td width="10%"><b>Time (seconds)</b></td>
<td><b>Instance</b></td>
</tr>
<tr>
<td title='com.testng.DependencyTest.MaldivesIsland()'><b>MaldivesIsland</b><br>Test class: com.testng.DependencyTest</td>
<td></td>
<td>0</td>
<td>com.testng.DependencyTest@4cf4d528</td></tr>
<tr>
<td title='com.testng.GroupConcept.porscheCarreraGt()'><b>porscheCarreraGt</b><br>Test class: com.testng.GroupConcept</td>
<td></td>
<td>0</td>
<td>com.testng.GroupConcept@727803de</td></tr>
<tr>
<td title='com.testng.DataProviderrr.credentials()'><b>credentials</b><br>Test class: com.testng.DataProviderrr<br>Parameters: Emma, 124</td>
<td></td>
<td>0</td>
<td>com.testng.DataProviderrr@78186a70</td></tr>
<tr>
<td title='com.testng.GroupConcept.mazdaMiata()'><b>mazdaMiata</b><br>Test class: com.testng.GroupConcept</td>
<td></td>
<td>0</td>
<td>com.testng.GroupConcept@727803de</td></tr>
<tr>
<td title='com.testng.InvocationCount.golfGt()'><b>golfGt</b><br>Test class: com.testng.InvocationCount</td>
<td></td>
<td>0</td>
<td>com.testng.InvocationCount@24a35978</td></tr>
<tr>
<td title='com.testng.GroupsOfGroups.toyotaCorolla()'><b>toyotaCorolla</b><br>Test class: com.testng.GroupsOfGroups</td>
<td></td>
<td>0</td>
<td>com.testng.GroupsOfGroups@704921a5</td></tr>
<tr>
<td title='com.testng.Ignoreee.nissanGtr()'><b>nissanGtr</b><br>Test class: com.testng.Ignoreee</td>
<td></td>
<td>0</td>
<td>com.testng.Ignoreee@df27fae</td></tr>
<tr>
<td title='com.testng.PriorityConcepts.bycycle()'><b>bycycle</b><br>Test class: com.testng.PriorityConcepts</td>
<td></td>
<td>0</td>
<td>com.testng.PriorityConcepts@2f0a87b3</td></tr>
<tr>
<td title='com.testng.Ignoreee.mazdaMiata()'><b>mazdaMiata</b><br>Test class: com.testng.Ignoreee</td>
<td></td>
<td>0</td>
<td>com.testng.Ignoreee@df27fae</td></tr>
<tr>
<td title='com.testng.InvocationCount.rx8()'><b>rx8</b><br>Test class: com.testng.InvocationCount</td>
<td></td>
<td>0</td>
<td>com.testng.InvocationCount@24a35978</td></tr>
<tr>
<td title='com.testng.InvocationCount.golfGt()'><b>golfGt</b><br>Test class: com.testng.InvocationCount</td>
<td></td>
<td>0</td>
<td>com.testng.InvocationCount@24a35978</td></tr>
<tr>
<td title='com.testng.PriorityConcepts.motorCycle()'><b>motorCycle</b><br>Test class: com.testng.PriorityConcepts</td>
<td></td>
<td>0</td>
<td>com.testng.PriorityConcepts@2f0a87b3</td></tr>
<tr>
<td title='com.testng.DependencyTest.ChinaCountry()'><b>ChinaCountry</b><br>Test class: com.testng.DependencyTest</td>
<td></td>
<td>0</td>
<td>com.testng.DependencyTest@4cf4d528</td></tr>
<tr>
<td title='com.testng.DependencyTest.IndiaCountry()'><b>IndiaCountry</b><br>Test class: com.testng.DependencyTest</td>
<td></td>
<td>0</td>
<td>com.testng.DependencyTest@4cf4d528</td></tr>
<tr>
<td title='com.testng.InvocationCount.m4()'><b>m4</b><br>Test class: com.testng.InvocationCount</td>
<td></td>
<td>0</td>
<td>com.testng.InvocationCount@24a35978</td></tr>
<tr>
<td title='com.testng.DataProviderrr.credentials()'><b>credentials</b><br>Test class: com.testng.DataProviderrr<br>Parameters: Lara, 126</td>
<td></td>
<td>0</td>
<td>com.testng.DataProviderrr@78186a70</td></tr>
<tr>
<td title='com.testng.TimeOutTest.browserExecution()'><b>browserExecution</b><br>Test class: com.testng.TimeOutTest</td>
<td></td>
<td>8</td>
<td>com.testng.TimeOutTest@319b92f3</td></tr>
<tr>
<td title='com.testng.Annotations.women()'><b>women</b><br>Test class: com.testng.Annotations</td>
<td></td>
<td>0</td>
<td>com.testng.Annotations@5c072e3f</td></tr>
<tr>
<td title='com.testng.Annotations.children()'><b>children</b><br>Test class: com.testng.Annotations</td>
<td></td>
<td>0</td>
<td>com.testng.Annotations@5c072e3f</td></tr>
<tr>
<td title='com.testng.GroupsOfGroups.mazdaMiata()'><b>mazdaMiata</b><br>Test class: com.testng.GroupsOfGroups</td>
<td></td>
<td>0</td>
<td>com.testng.GroupsOfGroups@704921a5</td></tr>
<tr>
<td title='com.testng.PriorityConcepts.car()'><b>car</b><br>Test class: com.testng.PriorityConcepts</td>
<td></td>
<td>0</td>
<td>com.testng.PriorityConcepts@2f0a87b3</td></tr>
<tr>
<td title='com.testng.Ignoreee.porscheCarreraGt()'><b>porscheCarreraGt</b><br>Test class: com.testng.Ignoreee</td>
<td></td>
<td>0</td>
<td>com.testng.Ignoreee@df27fae</td></tr>
<tr>
<td title='com.testng.DataProviderrr.credentials()'><b>credentials</b><br>Test class: com.testng.DataProviderrr<br>Parameters: Altrin, 123</td>
<td></td>
<td>0</td>
<td>com.testng.DataProviderrr@78186a70</td></tr>
<tr>
<td title='com.testng.DataProviderrr.credentials()'><b>credentials</b><br>Test class: com.testng.DataProviderrr<br>Parameters: William, 125</td>
<td></td>
<td>0</td>
<td>com.testng.DataProviderrr@78186a70</td></tr>
<tr>
<td title='com.testng.GroupConcept.eurofighterTyphoon()'><b>eurofighterTyphoon</b><br>Test class: com.testng.GroupConcept</td>
<td></td>
<td>0</td>
<td>com.testng.GroupConcept@727803de</td></tr>
<tr>
<td title='com.testng.GroupsOfGroups.nissanGtr()'><b>nissanGtr</b><br>Test class: com.testng.GroupsOfGroups</td>
<td></td>
<td>0</td>
<td>com.testng.GroupsOfGroups@704921a5</td></tr>
<tr>
<td title='com.testng.GroupsOfGroups.porscheCarreraGt()'><b>porscheCarreraGt</b><br>Test class: com.testng.GroupsOfGroups</td>
<td></td>
<td>0</td>
<td>com.testng.GroupsOfGroups@704921a5</td></tr>
<tr>
<td title='com.testng.GroupsOfGroups.eurofighterTyphoon()'><b>eurofighterTyphoon</b><br>Test class: com.testng.GroupsOfGroups</td>
<td></td>
<td>0</td>
<td>com.testng.GroupsOfGroups@704921a5</td></tr>
<tr>
<td title='com.testng.InvocationCount.golfGt()'><b>golfGt</b><br>Test class: com.testng.InvocationCount</td>
<td></td>
<td>0</td>
<td>com.testng.InvocationCount@24a35978</td></tr>
<tr>
<td title='com.testng.ExpectedExceptionnn.calculator()'><b>calculator</b><br>Test class: com.testng.ExpectedExceptionnn</td>
<td><div><pre>java.lang.ArithmeticException: / by zero
	at com.testng.ExpectedExceptionnn.calculator(ExpectedExceptionnn.java:9)
	at sun.reflect.NativeMethodAccessorImpl.invoke0(Native Method)
	at sun.reflect.NativeMethodAccessorImpl.invoke(Unknown Source)
	at sun.reflect.DelegatingMethodAccessorImpl.invoke(Unknown Source)
	at java.lang.reflect.Method.invoke(Unknown Source)
	at org.testng.internal.MethodInvocationHelper.invokeMethod(MethodInvocationHelper.java:133)
	at org.testng.internal.TestInvoker.invokeMethod(TestInvoker.java:598)
	at org.testng.internal.TestInvoker.invokeTestMethod(TestInvoker.java:173)
	at org.testng.internal.MethodRunner.runInSequence(MethodRunner.java:46)
	at org.testng.internal.TestInvoker$MethodInvocationAgent.invoke(TestInvoker.java:824)
	at org.testng.internal.TestInvoker.invokeTestMethods(TestInvoker.java:146)
	at org.testng.internal.TestMethodWorker.invokeTestMethods(TestMethodWorker.java:146)
	at org.testng.internal.TestMethodWorker.run(TestMethodWorker.java:128)
	at java.util.ArrayList.forEach(Unknown Source)
	at org.testng.TestRunner.privateRun(TestRunner.java:794)
	at org.testng.TestRunner.run(TestRunner.java:596)
	at org.testng.SuiteRunner.runTest(SuiteRunner.java:377)
	at org.testng.SuiteRunner.runSequentially(SuiteRunner.java:371)
	at org.testng.SuiteRunner.privateRun(SuiteRunner.java:332)
	at org.testng.SuiteRunner.run(SuiteRunner.java:276)
	at org.testng.SuiteRunnerWorker.runSuite(SuiteRunnerWorker.java:53)
	at org.testng.SuiteRunnerWorker.run(SuiteRunnerWorker.java:96)
	at org.testng.TestNG.runSuitesSequentially(TestNG.java:1212)
	at org.testng.TestNG.runSuitesLocally(TestNG.java:1134)
	at org.testng.TestNG.runSuites(TestNG.java:1063)
	at org.testng.TestNG.run(TestNG.java:1031)
	at org.testng.remote.AbstractRemoteTestNG.run(AbstractRemoteTestNG.java:115)
	at org.testng.remote.RemoteTestNG.initAndRun(RemoteTestNG.java:251)
	at org.testng.remote.RemoteTestNG.main(RemoteTestNG.java:77)
</pre></div><a href='#' onClick='toggleBox("stack-trace148912029", this, "Click to show all stack frames", "Click to hide stack frames")'>Click to show all stack frames</a>
<div class='stack-trace' id='stack-trace148912029'><pre>java.lang.ArithmeticException: / by zero
	at com.testng.ExpectedExceptionnn.calculator(ExpectedExceptionnn.java:9)
	at sun.reflect.NativeMethodAccessorImpl.invoke0(Native Method)
	at sun.reflect.NativeMethodAccessorImpl.invoke(Unknown Source)
	at sun.reflect.DelegatingMethodAccessorImpl.invoke(Unknown Source)
	at java.lang.reflect.Method.invoke(Unknown Source)
	at org.testng.internal.MethodInvocationHelper.invokeMethod(MethodInvocationHelper.java:133)
	at org.testng.internal.TestInvoker.invokeMethod(TestInvoker.java:598)
	at org.testng.internal.TestInvoker.invokeTestMethod(TestInvoker.java:173)
	at org.testng.internal.MethodRunner.runInSequence(MethodRunner.java:46)
	at org.testng.internal.TestInvoker$MethodInvocationAgent.invoke(TestInvoker.java:824)
	at org.testng.internal.TestInvoker.invokeTestMethods(TestInvoker.java:146)
	at org.testng.internal.TestMethodWorker.invokeTestMethods(TestMethodWorker.java:146)
	at org.testng.internal.TestMethodWorker.run(TestMethodWorker.java:128)
	at java.util.ArrayList.forEach(Unknown Source)
	at org.testng.TestRunner.privateRun(TestRunner.java:794)
	at org.testng.TestRunner.run(TestRunner.java:596)
	at org.testng.SuiteRunner.runTest(SuiteRunner.java:377)
	at org.testng.SuiteRunner.runSequentially(SuiteRunner.java:371)
	at org.testng.SuiteRunner.privateRun(SuiteRunner.java:332)
	at org.testng.SuiteRunner.run(SuiteRunner.java:276)
	at org.testng.SuiteRunnerWorker.runSuite(SuiteRunnerWorker.java:53)
	at org.testng.SuiteRunnerWorker.run(SuiteRunnerWorker.java:96)
	at org.testng.TestNG.runSuitesSequentially(TestNG.java:1212)
	at org.testng.TestNG.runSuitesLocally(TestNG.java:1134)
	at org.testng.TestNG.runSuites(TestNG.java:1063)
	at org.testng.TestNG.run(TestNG.java:1031)
	at org.testng.remote.AbstractRemoteTestNG.run(AbstractRemoteTestNG.java:115)
	at org.testng.remote.RemoteTestNG.initAndRun(RemoteTestNG.java:251)
	at org.testng.remote.RemoteTestNG.main(RemoteTestNG.java:77)
</pre></div></td>
<td>0</td>
<td>com.testng.ExpectedExceptionnn@77846d2c</td></tr>
<tr>
<td title='com.testng.GroupConcept.nissanGtr()'><b>nissanGtr</b><br>Test class: com.testng.GroupConcept</td>
<td></td>
<td>0</td>
<td>com.testng.GroupConcept@727803de</td></tr>
<tr>
<td title='com.testng.PriorityConcepts.sportsCar()'><b>sportsCar</b><br>Test class: com.testng.PriorityConcepts</td>
<td></td>
<td>0</td>
<td>com.testng.PriorityConcepts@2f0a87b3</td></tr>
</table><p>
</body>
</html>