<?xml version="1.0" encoding="UTF-8"?>
<!-- Generated by org.testng.reporters.JUnitXMLReporter -->
<testsuite hostname="DESKTOP-TKHS2O9" ignored="1" name="com.testng" tests="33" failures="1" timestamp="2022-04-01T07:27:24 IST" time="8.161" errors="0">
  <testcase name="children" time="0.005" classname="com.testng.Annotations"/>
  <testcase name="women" time="0.001" classname="com.testng.Annotations"/>
  <testcase name="credentials" time="0.001" classname="com.testng.DataProviderrr"/>
  <testcase name="credentials" time="0.001" classname="com.testng.DataProviderrr"/>
  <testcase name="credentials" time="0.002" classname="com.testng.DataProviderrr"/>
  <testcase name="credentials" time="0.001" classname="com.testng.DataProviderrr"/>
  <testcase name="IndiaCountry" time="0.001" classname="com.testng.DependencyTest"/>
  <testcase name="MaldivesIsland" time="0.001" classname="com.testng.DependencyTest"/>
  <testcase name="ChinaCountry" time="0.0" classname="com.testng.DependencyTest"/>
  <testcase name="calculator" time="0.001" classname="com.testng.ExpectedExceptionnn"/>
  <testcase name="eurofighterTyphoon" time="0.001" classname="com.testng.GroupConcept"/>
  <testcase name="nissanGtr" time="0.001" classname="com.testng.GroupConcept"/>
  <testcase name="porscheCarreraGt" time="0.001" classname="com.testng.GroupConcept"/>
  <testcase name="mazdaMiata" time="0.001" classname="com.testng.GroupConcept"/>
  <testcase name="eurofighterTyphoon" time="0.001" classname="com.testng.GroupsOfGroups"/>
  <testcase name="nissanGtr" time="0.0" classname="com.testng.GroupsOfGroups"/>
  <testcase name="porscheCarreraGt" time="0.0" classname="com.testng.GroupsOfGroups"/>
  <testcase name="toyotaCorolla" time="0.001" classname="com.testng.GroupsOfGroups"/>
  <testcase name="mazdaMiata" time="0.0" classname="com.testng.GroupsOfGroups"/>
  <testcase name="nissanGtr" time="0.0" classname="com.testng.Ignoreee"/>
  <testcase name="porscheCarreraGt" time="0.0" classname="com.testng.Ignoreee"/>
  <testcase name="mazdaMiata" time="0.001" classname="com.testng.Ignoreee"/>
  <testcase name="golfGt" time="0.0" classname="com.testng.InvocationCount"/>
  <testcase name="golfGt" time="0.001" classname="com.testng.InvocationCount"/>
  <testcase name="golfGt" time="0.0" classname="com.testng.InvocationCount"/>
  <testcase name="rx8" time="0.0" classname="com.testng.InvocationCount"/>
  <testcase name="m4" time="0.001" classname="com.testng.InvocationCount"/>
  <testcase name="credentials" time="0.0" classname="com.testng.ParameterizedTest">
    <failure type="org.testng.TestNGException" message="
Parameter &amp;apos;passWord&amp;apos; is required by @Test on method credentials but has not been marked @Optional or defined
in C:\Users\altri\AppData\Local\Temp\testng-eclipse-99263507\testng-customsuite.xml">
      <![CDATA[org.testng.TestNGException: 
Parameter 'passWord' is required by @Test on method credentials but has not been marked @Optional or defined
in C:\Users\altri\AppData\Local\Temp\testng-eclipse-99263507\testng-customsuite.xml
at org.testng.internal.Parameters.createParams(Parameters.java:270)
at org.testng.internal.Parameters.createParametersForMethod(Parameters.java:358)
at org.testng.internal.Parameters.createParameters(Parameters.java:700)
at org.testng.internal.Parameters.handleParameters(Parameters.java:884)
at org.testng.internal.Parameters.handleParameters(Parameters.java:740)
at org.testng.internal.ParameterHandler.handleParameters(ParameterHandler.java:59)
at org.testng.internal.ParameterHandler.createParameters(ParameterHandler.java:38)
at org.testng.internal.TestInvoker$MethodInvocationAgent.invoke(TestInvoker.java:791)
at org.testng.internal.TestInvoker.invokeTestMethods(TestInvoker.java:146)
at org.testng.internal.TestMethodWorker.invokeTestMethods(TestMethodWorker.java:146)
at org.testng.internal.TestMethodWorker.run(TestMethodWorker.java:128)
at java.util.ArrayList.forEach(Unknown Source)
at org.testng.TestRunner.privateRun(TestRunner.java:794)
at org.testng.TestRunner.run(TestRunner.java:596)
at org.testng.SuiteRunner.runTest(SuiteRunner.java:377)
at org.testng.SuiteRunner.runSequentially(SuiteRunner.java:371)
at org.testng.SuiteRunner.privateRun(SuiteRunner.java:332)
at org.testng.SuiteRunner.run(SuiteRunner.java:276)
at org.testng.SuiteRunnerWorker.runSuite(SuiteRunnerWorker.java:53)
at org.testng.SuiteRunnerWorker.run(SuiteRunnerWorker.java:96)
at org.testng.TestNG.runSuitesSequentially(TestNG.java:1212)
at org.testng.TestNG.runSuitesLocally(TestNG.java:1134)
at org.testng.TestNG.runSuites(TestNG.java:1063)
at org.testng.TestNG.run(TestNG.java:1031)
at org.testng.remote.AbstractRemoteTestNG.run(AbstractRemoteTestNG.java:115)
at org.testng.remote.RemoteTestNG.initAndRun(RemoteTestNG.java:251)
at org.testng.remote.RemoteTestNG.main(RemoteTestNG.java:77)
]]>
    </failure>
  </testcase> <!-- credentials -->
  <testcase name="bycycle" time="0.0" classname="com.testng.PriorityConcepts"/>
  <testcase name="motorCycle" time="0.001" classname="com.testng.PriorityConcepts"/>
  <testcase name="car" time="0.001" classname="com.testng.PriorityConcepts"/>
  <testcase name="sportsCar" time="0.001" classname="com.testng.PriorityConcepts"/>
  <testcase name="browserExecution" time="8.039" classname="com.testng.TimeOutTest"/>
  <testcase name="eurofighterTyphoon" time="0.0" classname="com.testng.Ignoreee">
    <ignored/>
  </testcase> <!-- eurofighterTyphoon -->
</testsuite> <!-- com.testng -->
